# JRE version: Java(TM) SE Runtime Environment (8.0_131-b11) (build 1.8.0_131-b11)
# Java VM: Java HotSpot(TM) Server VM (25.131-b11 mixed mode linux-x86 )
Heap:
 PSYoungGen      total 182016K, used 156223K [0x91f80000, 0x9e780000, 0xa7000000)
  eden space 170752K, 91% used [0x91f80000,0x9b80fd28,0x9c640000)
  from space 11264K, 0% used [0x9d4c0000,0x9d4c0000,0x9dfc0000)
  to   space 14848K, 0% used [0x9c640000,0x9c640000,0x9d4c0000)
 ParOldGen       total 65536K, used 24373K [0x67e00000, 0x6be00000, 0x91f80000)
  object space 65536K, 37% used [0x67e00000,0x695cd760,0x6be00000)
 Metaspace       used 30523K, capacity 30794K, committed 30976K, reserved 31024K
GC Heap History (10 events):
Event: 6,400 GC heap before
{Heap before GC invocations=8 (full 0):
 PSYoungGen      total 72192K, used 45751K [0x91f80000, 0x9b080000, 0xa7000000)
  eden space 65792K, 59% used [0x91f80000,0x945f0800,0x95fc0000)
  from space 6400K, 99% used [0x95fc0000,0x965fd6a8,0x96600000)
  to   space 8448K, 0% used [0x9a840000,0x9a840000,0x9b080000)
 ParOldGen       total 43776K, used 7336K [0x67e00000, 0x6a8c0000, 0x91f80000)
  object space 43776K, 16% used [0x67e00000,0x6852a138,0x6a8c0000)
 Metaspace       used 16151K, capacity 16351K, committed 16384K, reserved 16688K
Event: 6,431 GC heap after
Heap after GC invocations=8 (full 0):
 PSYoungGen      total 139264K, used 7356K [0x91f80000, 0x9b200000, 0xa7000000)
  eden space 130816K, 0% used [0x91f80000,0x91f80000,0x99f40000)
  from space 8448K, 87% used [0x9a840000,0x9af6f288,0x9b080000)
  to   space 9216K, 0% used [0x99f40000,0x99f40000,0x9a840000)
 ParOldGen       total 43776K, used 7722K [0x67e00000, 0x6a8c0000, 0x91f80000)
  object space 43776K, 17% used [0x67e00000,0x6858a968,0x6a8c0000)
 Metaspace       used 16151K, capacity 16351K, committed 16384K, reserved 16688K
}
Event: 6,431 GC heap before
{Heap before GC invocations=9 (full 1):
 PSYoungGen      total 139264K, used 7356K [0x91f80000, 0x9b200000, 0xa7000000)
  eden space 130816K, 0% used [0x91f80000,0x91f80000,0x99f40000)
  from space 8448K, 87% used [0x9a840000,0x9af6f288,0x9b080000)
  to   space 9216K, 0% used [0x99f40000,0x99f40000,0x9a840000)
 ParOldGen       total 43776K, used 7722K [0x67e00000, 0x6a8c0000, 0x91f80000)
  object space 43776K, 17% used [0x67e00000,0x6858a968,0x6a8c0000)
 Metaspace       used 16151K, capacity 16351K, committed 16384K, reserved 16688K
Event: 6,574 GC heap after
Heap after GC invocations=9 (full 1):
 PSYoungGen      total 139264K, used 0K [0x91f80000, 0x9b200000, 0xa7000000)
  eden space 130816K, 0% used [0x91f80000,0x91f80000,0x99f40000)
  from space 8448K, 0% used [0x9a840000,0x9a840000,0x9b080000)
  to   space 9216K, 0% used [0x99f40000,0x99f40000,0x9a840000)
 ParOldGen       total 36096K, used 9273K [0x67e00000, 0x6a140000, 0x91f80000)
  object space 36096K, 25% used [0x67e00000,0x6870e5d8,0x6a140000)
 Metaspace       used 16151K, capacity 16351K, committed 16384K, reserved 16688K
}
Event: 8,408 GC heap before
{Heap before GC invocations=10 (full 1):
 PSYoungGen      total 139264K, used 130816K [0x91f80000, 0x9b200000, 0xa7000000)
  eden space 130816K, 100% used [0x91f80000,0x99f40000,0x99f40000)
  from space 8448K, 0% used [0x9a840000,0x9a840000,0x9b080000)
  to   space 9216K, 0% used [0x99f40000,0x99f40000,0x9a840000)
 ParOldGen       total 36096K, used 9273K [0x67e00000, 0x6a140000, 0x91f80000)
  object space 36096K, 25% used [0x67e00000,0x6870e5d8,0x6a140000)
 Metaspace       used 20670K, capacity 20897K, committed 20992K, reserved 21808K
Event: 8,435 GC heap after
Heap after GC invocations=10 (full 1):
 PSYoungGen      total 140032K, used 9204K [0x91f80000, 0x9dfc0000, 0xa7000000)
  eden space 130816K, 0% used [0x91f80000,0x91f80000,0x99f40000)
  from space 9216K, 99% used [0x99f40000,0x9a83d090,0x9a840000)
  to   space 11264K, 0% used [0x9d4c0000,0x9d4c0000,0x9dfc0000)
 ParOldGen       total 36096K, used 11481K [0x67e00000, 0x6a140000, 0x91f80000)
  object space 36096K, 31% used [0x67e00000,0x68936440,0x6a140000)
 Metaspace       used 20670K, capacity 20897K, committed 20992K, reserved 21808K
}
Event: 10,103 GC heap before
{Heap before GC invocations=11 (full 1):
 PSYoungGen      total 140032K, used 100519K [0x91f80000, 0x9dfc0000, 0xa7000000)
  eden space 130816K, 69% used [0x91f80000,0x978acbd8,0x99f40000)
  from space 9216K, 99% used [0x99f40000,0x9a83d090,0x9a840000)
  to   space 11264K, 0% used [0x9d4c0000,0x9d4c0000,0x9dfc0000)
 ParOldGen       total 36096K, used 11481K [0x67e00000, 0x6a140000, 0x91f80000)
  object space 36096K, 31% used [0x67e00000,0x68936440,0x6a140000)
 Metaspace       used 26978K, capacity 27219K, committed 27308K, reserved 27952K
Event: 10,157 GC heap after
Heap after GC invocations=11 (full 1):
 PSYoungGen      total 182016K, used 11250K [0x91f80000, 0x9e780000, 0xa7000000)
  eden space 170752K, 0% used [0x91f80000,0x91f80000,0x9c640000)
  from space 11264K, 99% used [0x9d4c0000,0x9dfbc938,0x9dfc0000)
  to   space 14848K, 0% used [0x9c640000,0x9c640000,0x9d4c0000)
 ParOldGen       total 36096K, used 17006K [0x67e00000, 0x6a140000, 0x91f80000)
  object space 36096K, 47% used [0x67e00000,0x68e9b9c0,0x6a140000)
 Metaspace       used 26978K, capacity 27219K, committed 27308K, reserved 27952K
}
Event: 10,157 GC heap before
{Heap before GC invocations=12 (full 2):
 PSYoungGen      total 182016K, used 11250K [0x91f80000, 0x9e780000, 0xa7000000)
  eden space 170752K, 0% used [0x91f80000,0x91f80000,0x9c640000)
  from space 11264K, 99% used [0x9d4c0000,0x9dfbc938,0x9dfc0000)
  to   space 14848K, 0% used [0x9c640000,0x9c640000,0x9d4c0000)
 ParOldGen       total 36096K, used 17006K [0x67e00000, 0x6a140000, 0x91f80000)
  object space 36096K, 47% used [0x67e00000,0x68e9b9c0,0x6a140000)
 Metaspace       used 26978K, capacity 27219K, committed 27308K, reserved 27952K
Event: 10,323 GC heap after
Heap after GC invocations=12 (full 2):
 PSYoungGen      total 182016K, used 0K [0x91f80000, 0x9e780000, 0xa7000000)
  eden space 170752K, 0% used [0x91f80000,0x91f80000,0x9c640000)
  from space 11264K, 0% used [0x9d4c0000,0x9d4c0000,0x9dfc0000)
  to   space 14848K, 0% used [0x9c640000,0x9c640000,0x9d4c0000)
 ParOldGen       total 65536K, used 24373K [0x67e00000, 0x6be00000, 0x91f80000)
  object space 65536K, 37% used [0x67e00000,0x695cd760,0x6be00000)
 Metaspace       used 26978K, capacity 27219K, committed 27308K, reserved 27952K
}

