# JRE version: Java(TM) SE Runtime Environment (8.0_131-b11) (build 1.8.0_131-b11)
# Java VM: Java HotSpot(TM) Server VM (25.131-b11 mixed mode linux-x86 )
Heap:
 PSYoungGen      total 186112K, used 146344K [0x91f80000, 0x9ea00000, 0xa7000000)
  eden space 174848K, 83% used [0x91f80000,0x9ae6a2b0,0x9ca40000)
  from space 11264K, 0% used [0x9d8c0000,0x9d8c0000,0x9e3c0000)
  to   space 14848K, 0% used [0x9ca40000,0x9ca40000,0x9d8c0000)
 ParOldGen       total 63488K, used 24393K [0x67e00000, 0x6bc00000, 0x91f80000)
  object space 63488K, 38% used [0x67e00000,0x695d2740,0x6bc00000)
 Metaspace       used 30338K, capacity 30597K, committed 30720K, reserved 31024K
GC Heap History (10 events):
Event: 4,616 GC heap before
{Heap before GC invocations=8 (full 0):
 PSYoungGen      total 72192K, used 45650K [0x91f80000, 0x9b080000, 0xa7000000)
  eden space 65792K, 59% used [0x91f80000,0x945d5158,0x95fc0000)
  from space 6400K, 99% used [0x95fc0000,0x965ff890,0x96600000)
  to   space 8448K, 0% used [0x9a840000,0x9a840000,0x9b080000)
 ParOldGen       total 43776K, used 7475K [0x67e00000, 0x6a8c0000, 0x91f80000)
  object space 43776K, 17% used [0x67e00000,0x6854ccb8,0x6a8c0000)
 Metaspace       used 16135K, capacity 16351K, committed 16384K, reserved 16688K
Event: 4,640 GC heap after
Heap after GC invocations=8 (full 0):
 PSYoungGen      total 139520K, used 7171K [0x91f80000, 0x9b180000, 0xa7000000)
  eden space 131072K, 0% used [0x91f80000,0x91f80000,0x99f80000)
  from space 8448K, 84% used [0x9a840000,0x9af40e68,0x9b080000)
  to   space 8960K, 0% used [0x99f80000,0x99f80000,0x9a840000)
 ParOldGen       total 43776K, used 7866K [0x67e00000, 0x6a8c0000, 0x91f80000)
  object space 43776K, 17% used [0x67e00000,0x685ae850,0x6a8c0000)
 Metaspace       used 16135K, capacity 16351K, committed 16384K, reserved 16688K
}
Event: 4,640 GC heap before
{Heap before GC invocations=9 (full 1):
 PSYoungGen      total 139520K, used 7171K [0x91f80000, 0x9b180000, 0xa7000000)
  eden space 131072K, 0% used [0x91f80000,0x91f80000,0x99f80000)
  from space 8448K, 84% used [0x9a840000,0x9af40e68,0x9b080000)
  to   space 8960K, 0% used [0x99f80000,0x99f80000,0x9a840000)
 ParOldGen       total 43776K, used 7866K [0x67e00000, 0x6a8c0000, 0x91f80000)
  object space 43776K, 17% used [0x67e00000,0x685ae850,0x6a8c0000)
 Metaspace       used 16135K, capacity 16351K, committed 16384K, reserved 16688K
Event: 4,730 GC heap after
Heap after GC invocations=9 (full 1):
 PSYoungGen      total 139520K, used 0K [0x91f80000, 0x9b180000, 0xa7000000)
  eden space 131072K, 0% used [0x91f80000,0x91f80000,0x99f80000)
  from space 8448K, 0% used [0x9a840000,0x9a840000,0x9b080000)
  to   space 8960K, 0% used [0x99f80000,0x99f80000,0x9a840000)
 ParOldGen       total 35328K, used 9251K [0x67e00000, 0x6a080000, 0x91f80000)
  object space 35328K, 26% used [0x67e00000,0x68708ff0,0x6a080000)
 Metaspace       used 16135K, capacity 16351K, committed 16384K, reserved 16688K
}
Event: 6,466 GC heap before
{Heap before GC invocations=10 (full 1):
 PSYoungGen      total 139520K, used 131072K [0x91f80000, 0x9b180000, 0xa7000000)
  eden space 131072K, 100% used [0x91f80000,0x99f80000,0x99f80000)
  from space 8448K, 0% used [0x9a840000,0x9a840000,0x9b080000)
  to   space 8960K, 0% used [0x99f80000,0x99f80000,0x9a840000)
 ParOldGen       total 35328K, used 9251K [0x67e00000, 0x6a080000, 0x91f80000)
  object space 35328K, 26% used [0x67e00000,0x68708ff0,0x6a080000)
 Metaspace       used 20649K, capacity 20897K, committed 20992K, reserved 21808K
Event: 6,496 GC heap after
Heap after GC invocations=10 (full 1):
 PSYoungGen      total 140032K, used 8957K [0x91f80000, 0x9e3c0000, 0xa7000000)
  eden space 131072K, 0% used [0x91f80000,0x91f80000,0x99f80000)
  from space 8960K, 99% used [0x99f80000,0x9a83f7d8,0x9a840000)
  to   space 11264K, 0% used [0x9d8c0000,0x9d8c0000,0x9e3c0000)
 ParOldGen       total 35328K, used 11777K [0x67e00000, 0x6a080000, 0x91f80000)
  object space 35328K, 33% used [0x67e00000,0x68980698,0x6a080000)
 Metaspace       used 20649K, capacity 20897K, committed 20992K, reserved 21808K
}
Event: 8,231 GC heap before
{Heap before GC invocations=11 (full 1):
 PSYoungGen      total 140032K, used 98550K [0x91f80000, 0x9e3c0000, 0xa7000000)
  eden space 131072K, 68% used [0x91f80000,0x976fe098,0x99f80000)
  from space 8960K, 99% used [0x99f80000,0x9a83f7d8,0x9a840000)
  to   space 11264K, 0% used [0x9d8c0000,0x9d8c0000,0x9e3c0000)
 ParOldGen       total 35328K, used 11777K [0x67e00000, 0x6a080000, 0x91f80000)
  object space 35328K, 33% used [0x67e00000,0x68980698,0x6a080000)
 Metaspace       used 26983K, capacity 27219K, committed 27308K, reserved 27952K
Event: 8,272 GC heap after
Heap after GC invocations=11 (full 1):
 PSYoungGen      total 186112K, used 11254K [0x91f80000, 0x9ea00000, 0xa7000000)
  eden space 174848K, 0% used [0x91f80000,0x91f80000,0x9ca40000)
  from space 11264K, 99% used [0x9d8c0000,0x9e3bd948,0x9e3c0000)
  to   space 14848K, 0% used [0x9ca40000,0x9ca40000,0x9d8c0000)
 ParOldGen       total 35328K, used 17327K [0x67e00000, 0x6a080000, 0x91f80000)
  object space 35328K, 49% used [0x67e00000,0x68eebd70,0x6a080000)
 Metaspace       used 26983K, capacity 27219K, committed 27308K, reserved 27952K
}
Event: 8,272 GC heap before
{Heap before GC invocations=12 (full 2):
 PSYoungGen      total 186112K, used 11254K [0x91f80000, 0x9ea00000, 0xa7000000)
  eden space 174848K, 0% used [0x91f80000,0x91f80000,0x9ca40000)
  from space 11264K, 99% used [0x9d8c0000,0x9e3bd948,0x9e3c0000)
  to   space 14848K, 0% used [0x9ca40000,0x9ca40000,0x9d8c0000)
 ParOldGen       total 35328K, used 17327K [0x67e00000, 0x6a080000, 0x91f80000)
  object space 35328K, 49% used [0x67e00000,0x68eebd70,0x6a080000)
 Metaspace       used 26983K, capacity 27219K, committed 27308K, reserved 27952K
Event: 8,391 GC heap after
Heap after GC invocations=12 (full 2):
 PSYoungGen      total 186112K, used 0K [0x91f80000, 0x9ea00000, 0xa7000000)
  eden space 174848K, 0% used [0x91f80000,0x91f80000,0x9ca40000)
  from space 11264K, 0% used [0x9d8c0000,0x9d8c0000,0x9e3c0000)
  to   space 14848K, 0% used [0x9ca40000,0x9ca40000,0x9d8c0000)
 ParOldGen       total 63488K, used 24393K [0x67e00000, 0x6bc00000, 0x91f80000)
  object space 63488K, 38% used [0x67e00000,0x695d2740,0x6bc00000)
 Metaspace       used 26983K, capacity 27219K, committed 27308K, reserved 27952K
}

